{"/home/archi/MDSchool/Qualité et tests/wall-dodge/src/core/Input.ts": {"path":"/home/archi/MDSchool/Qualité et tests/wall-dodge/src/core/Input.ts","statementMap":{"0":{"start":{"line":2,"column":2},"end":{"line":2,"column":null}},"1":{"start":{"line":5,"column":4},"end":{"line":7,"column":7}},"2":{"start":{"line":6,"column":6},"end":{"line":6,"column":30}},"3":{"start":{"line":8,"column":4},"end":{"line":10,"column":7}},"4":{"start":{"line":9,"column":6},"end":{"line":9,"column":31}},"5":{"start":{"line":1,"column":0},"end":{"line":1,"column":13}}},"fnMap":{"0":{"name":"(anonymous_0)","decl":{"start":{"line":4,"column":2},"end":{"line":4,"column":null}},"loc":{"start":{"line":4,"column":2},"end":{"line":11,"column":3}}},"1":{"name":"(anonymous_1)","decl":{"start":{"line":5,"column":39},"end":{"line":5,"column":40}},"loc":{"start":{"line":5,"column":45},"end":{"line":7,"column":5}}},"2":{"name":"(anonymous_2)","decl":{"start":{"line":8,"column":37},"end":{"line":8,"column":38}},"loc":{"start":{"line":8,"column":43},"end":{"line":10,"column":5}}}},"branchMap":{},"s":{"0":2,"1":2,"2":2,"3":2,"4":2,"5":1},"f":{"0":2,"1":2,"2":2},"b":{}}
,"/home/archi/MDSchool/Qualité et tests/wall-dodge/src/entities/Ball.ts": {"path":"/home/archi/MDSchool/Qualité et tests/wall-dodge/src/entities/Ball.ts","statementMap":{"0":{"start":{"line":2,"column":2},"end":{"line":2,"column":null}},"1":{"start":{"line":3,"column":2},"end":{"line":3,"column":null}},"2":{"start":{"line":4,"column":2},"end":{"line":4,"column":null}},"3":{"start":{"line":5,"column":2},"end":{"line":5,"column":null}},"4":{"start":{"line":6,"column":2},"end":{"line":6,"column":null}},"5":{"start":{"line":7,"column":2},"end":{"line":7,"column":null}},"6":{"start":{"line":8,"column":2},"end":{"line":8,"column":null}},"7":{"start":{"line":17,"column":4},"end":{"line":17,"column":15}},"8":{"start":{"line":18,"column":4},"end":{"line":18,"column":15}},"9":{"start":{"line":19,"column":4},"end":{"line":19,"column":25}},"10":{"start":{"line":20,"column":4},"end":{"line":20,"column":23}},"11":{"start":{"line":21,"column":4},"end":{"line":21,"column":23}},"12":{"start":{"line":22,"column":4},"end":{"line":22,"column":16}},"13":{"start":{"line":23,"column":4},"end":{"line":23,"column":16}},"14":{"start":{"line":32,"column":4},"end":{"line":32,"column":16}},"15":{"start":{"line":33,"column":4},"end":{"line":33,"column":16}},"16":{"start":{"line":35,"column":4},"end":{"line":39,"column":5}},"17":{"start":{"line":36,"column":6},"end":{"line":36,"column":19}},"18":{"start":{"line":37,"column":11},"end":{"line":39,"column":5}},"19":{"start":{"line":38,"column":6},"end":{"line":38,"column":18}},"20":{"start":{"line":41,"column":4},"end":{"line":45,"column":5}},"21":{"start":{"line":42,"column":6},"end":{"line":42,"column":19}},"22":{"start":{"line":43,"column":11},"end":{"line":45,"column":5}},"23":{"start":{"line":44,"column":6},"end":{"line":44,"column":18}},"24":{"start":{"line":48,"column":4},"end":{"line":52,"column":5}},"25":{"start":{"line":49,"column":19},"end":{"line":49,"column":35}},"26":{"start":{"line":50,"column":6},"end":{"line":50,"column":22}},"27":{"start":{"line":51,"column":6},"end":{"line":51,"column":22}},"28":{"start":{"line":67,"column":4},"end":{"line":67,"column":27}},"29":{"start":{"line":70,"column":4},"end":{"line":70,"column":47}},"30":{"start":{"line":71,"column":4},"end":{"line":71,"column":47}},"31":{"start":{"line":74,"column":4},"end":{"line":78,"column":5}},"32":{"start":{"line":75,"column":6},"end":{"line":75,"column":27}},"33":{"start":{"line":76,"column":11},"end":{"line":78,"column":5}},"34":{"start":{"line":77,"column":6},"end":{"line":77,"column":41}},"35":{"start":{"line":79,"column":4},"end":{"line":83,"column":5}},"36":{"start":{"line":80,"column":6},"end":{"line":80,"column":27}},"37":{"start":{"line":81,"column":11},"end":{"line":83,"column":5}},"38":{"start":{"line":82,"column":6},"end":{"line":82,"column":42}},"39":{"start":{"line":90,"column":4},"end":{"line":90,"column":15}},"40":{"start":{"line":91,"column":4},"end":{"line":91,"column":31}},"41":{"start":{"line":92,"column":4},"end":{"line":92,"column":20}},"42":{"start":{"line":93,"column":4},"end":{"line":93,"column":57}},"43":{"start":{"line":94,"column":4},"end":{"line":94,"column":15}},"44":{"start":{"line":95,"column":4},"end":{"line":95,"column":18}},"45":{"start":{"line":1,"column":0},"end":{"line":1,"column":13}}},"fnMap":{"0":{"name":"(anonymous_0)","decl":{"start":{"line":10,"column":2},"end":{"line":10,"column":null}},"loc":{"start":{"line":15,"column":17},"end":{"line":24,"column":3}}},"1":{"name":"(anonymous_1)","decl":{"start":{"line":31,"column":2},"end":{"line":31,"column":13}},"loc":{"start":{"line":31,"column":43},"end":{"line":53,"column":3}}},"2":{"name":"(anonymous_2)","decl":{"start":{"line":61,"column":2},"end":{"line":61,"column":8}},"loc":{"start":{"line":65,"column":24},"end":{"line":84,"column":3}}},"3":{"name":"(anonymous_3)","decl":{"start":{"line":89,"column":2},"end":{"line":89,"column":6}},"loc":{"start":{"line":89,"column":36},"end":{"line":96,"column":3}}}},"branchMap":{"0":{"loc":{"start":{"line":35,"column":4},"end":{"line":39,"column":5}},"type":"if","locations":[{"start":{"line":35,"column":4},"end":{"line":39,"column":5}},{"start":{"line":37,"column":11},"end":{"line":39,"column":5}}]},"1":{"loc":{"start":{"line":35,"column":8},"end":{"line":35,"column":51}},"type":"binary-expr","locations":[{"start":{"line":35,"column":8},"end":{"line":35,"column":25}},{"start":{"line":35,"column":29},"end":{"line":35,"column":38}},{"start":{"line":35,"column":42},"end":{"line":35,"column":51}}]},"2":{"loc":{"start":{"line":37,"column":11},"end":{"line":39,"column":5}},"type":"if","locations":[{"start":{"line":37,"column":11},"end":{"line":39,"column":5}}]},"3":{"loc":{"start":{"line":37,"column":15},"end":{"line":37,"column":59}},"type":"binary-expr","locations":[{"start":{"line":37,"column":15},"end":{"line":37,"column":33}},{"start":{"line":37,"column":37},"end":{"line":37,"column":46}},{"start":{"line":37,"column":50},"end":{"line":37,"column":59}}]},"4":{"loc":{"start":{"line":41,"column":4},"end":{"line":45,"column":5}},"type":"if","locations":[{"start":{"line":41,"column":4},"end":{"line":45,"column":5}},{"start":{"line":43,"column":11},"end":{"line":45,"column":5}}]},"5":{"loc":{"start":{"line":41,"column":8},"end":{"line":41,"column":49}},"type":"binary-expr","locations":[{"start":{"line":41,"column":8},"end":{"line":41,"column":23}},{"start":{"line":41,"column":27},"end":{"line":41,"column":36}},{"start":{"line":41,"column":40},"end":{"line":41,"column":49}}]},"6":{"loc":{"start":{"line":43,"column":11},"end":{"line":45,"column":5}},"type":"if","locations":[{"start":{"line":43,"column":11},"end":{"line":45,"column":5}}]},"7":{"loc":{"start":{"line":43,"column":15},"end":{"line":43,"column":58}},"type":"binary-expr","locations":[{"start":{"line":43,"column":15},"end":{"line":43,"column":32}},{"start":{"line":43,"column":36},"end":{"line":43,"column":45}},{"start":{"line":43,"column":49},"end":{"line":43,"column":58}}]},"8":{"loc":{"start":{"line":48,"column":4},"end":{"line":52,"column":5}},"type":"if","locations":[{"start":{"line":48,"column":4},"end":{"line":52,"column":5}}]},"9":{"loc":{"start":{"line":48,"column":8},"end":{"line":48,"column":38}},"type":"binary-expr","locations":[{"start":{"line":48,"column":8},"end":{"line":48,"column":21}},{"start":{"line":48,"column":25},"end":{"line":48,"column":38}}]},"10":{"loc":{"start":{"line":74,"column":4},"end":{"line":78,"column":5}},"type":"if","locations":[{"start":{"line":74,"column":4},"end":{"line":78,"column":5}},{"start":{"line":76,"column":11},"end":{"line":78,"column":5}}]},"11":{"loc":{"start":{"line":76,"column":11},"end":{"line":78,"column":5}},"type":"if","locations":[{"start":{"line":76,"column":11},"end":{"line":78,"column":5}}]},"12":{"loc":{"start":{"line":79,"column":4},"end":{"line":83,"column":5}},"type":"if","locations":[{"start":{"line":79,"column":4},"end":{"line":83,"column":5}},{"start":{"line":81,"column":11},"end":{"line":83,"column":5}}]},"13":{"loc":{"start":{"line":81,"column":11},"end":{"line":83,"column":5}},"type":"if","locations":[{"start":{"line":81,"column":11},"end":{"line":83,"column":5}}]}},"s":{"0":18,"1":18,"2":18,"3":18,"4":18,"5":18,"6":18,"7":18,"8":18,"9":18,"10":18,"11":18,"12":18,"13":18,"14":6,"15":6,"16":6,"17":1,"18":5,"19":3,"20":6,"21":2,"22":4,"23":1,"24":6,"25":1,"26":1,"27":1,"28":6,"29":6,"30":6,"31":6,"32":1,"33":5,"34":1,"35":6,"36":1,"37":5,"38":1,"39":0,"40":0,"41":0,"42":0,"43":0,"44":0,"45":3},"f":{"0":18,"1":6,"2":6,"3":0},"b":{"0":[1,5],"1":[6,5,5],"2":[3],"3":[5,2,2],"4":[2,4],"5":[6,4,4],"6":[1],"7":[4,3,3],"8":[1],"9":[6,4],"10":[1,5],"11":[1],"12":[1,5],"13":[1]}}
,"/home/archi/MDSchool/Qualité et tests/wall-dodge/src/entities/RectObstacle.ts": {"path":"/home/archi/MDSchool/Qualité et tests/wall-dodge/src/entities/RectObstacle.ts","statementMap":{"0":{"start":{"line":5,"column":2},"end":{"line":5,"column":null}},"1":{"start":{"line":6,"column":2},"end":{"line":6,"column":null}},"2":{"start":{"line":7,"column":2},"end":{"line":7,"column":null}},"3":{"start":{"line":8,"column":2},"end":{"line":8,"column":null}},"4":{"start":{"line":9,"column":2},"end":{"line":9,"column":null}},"5":{"start":{"line":10,"column":2},"end":{"line":10,"column":null}},"6":{"start":{"line":11,"column":2},"end":{"line":11,"column":null}},"7":{"start":{"line":22,"column":4},"end":{"line":22,"column":22}},"8":{"start":{"line":23,"column":4},"end":{"line":23,"column":25}},"9":{"start":{"line":24,"column":4},"end":{"line":24,"column":23}},"10":{"start":{"line":25,"column":4},"end":{"line":25,"column":31}},"11":{"start":{"line":26,"column":4},"end":{"line":26,"column":23}},"12":{"start":{"line":27,"column":4},"end":{"line":27,"column":23}},"13":{"start":{"line":28,"column":4},"end":{"line":28,"column":35}},"14":{"start":{"line":32,"column":4},"end":{"line":32,"column":37}},"15":{"start":{"line":36,"column":4},"end":{"line":36,"column":47}},"16":{"start":{"line":40,"column":4},"end":{"line":40,"column":15}},"17":{"start":{"line":41,"column":4},"end":{"line":41,"column":31}},"18":{"start":{"line":44,"column":4},"end":{"line":44,"column":53}},"19":{"start":{"line":47,"column":19},"end":{"line":47,"column":46}},"20":{"start":{"line":48,"column":4},"end":{"line":50,"column":5}},"21":{"start":{"line":49,"column":6},"end":{"line":49,"column":75}},"22":{"start":{"line":52,"column":4},"end":{"line":52,"column":18}},"23":{"start":{"line":57,"column":6},"end":{"line":57,"column":32}},"24":{"start":{"line":57,"column":21},"end":{"line":57,"column":32}},"25":{"start":{"line":58,"column":6},"end":{"line":58,"column":32}},"26":{"start":{"line":58,"column":21},"end":{"line":58,"column":32}},"27":{"start":{"line":59,"column":6},"end":{"line":59,"column":17}},"28":{"start":{"line":62,"column":20},"end":{"line":62,"column":40}},"29":{"start":{"line":63,"column":23},"end":{"line":63,"column":43}},"30":{"start":{"line":64,"column":19},"end":{"line":64,"column":25}},"31":{"start":{"line":65,"column":22},"end":{"line":65,"column":42}},"32":{"start":{"line":66,"column":4},"end":{"line":68,"column":5}},"33":{"start":{"line":67,"column":6},"end":{"line":67,"column":19}},"34":{"start":{"line":70,"column":21},"end":{"line":70,"column":71}},"35":{"start":{"line":71,"column":19},"end":{"line":71,"column":46}},"36":{"start":{"line":72,"column":22},"end":{"line":77,"column":6}},"37":{"start":{"line":79,"column":15},"end":{"line":79,"column":21}},"38":{"start":{"line":80,"column":15},"end":{"line":80,"column":21}},"39":{"start":{"line":81,"column":14},"end":{"line":81,"column":25}},"40":{"start":{"line":92,"column":23},"end":{"line":92,"column":45}},"41":{"start":{"line":93,"column":23},"end":{"line":93,"column":45}},"42":{"start":{"line":94,"column":17},"end":{"line":94,"column":30}},"43":{"start":{"line":95,"column":17},"end":{"line":95,"column":30}},"44":{"start":{"line":96,"column":6},"end":{"line":96,"column":40}},"45":{"start":{"line":99,"column":4},"end":{"line":103,"column":5}},"46":{"start":{"line":102,"column":6},"end":{"line":102,"column":18}},"47":{"start":{"line":105,"column":4},"end":{"line":117,"column":5}},"48":{"start":{"line":116,"column":6},"end":{"line":116,"column":18}},"49":{"start":{"line":119,"column":4},"end":{"line":119,"column":17}},"50":{"start":{"line":4,"column":0},"end":{"line":4,"column":13}}},"fnMap":{"0":{"name":"(anonymous_0)","decl":{"start":{"line":13,"column":2},"end":{"line":13,"column":null}},"loc":{"start":{"line":20,"column":23},"end":{"line":29,"column":3}}},"1":{"name":"(anonymous_1)","decl":{"start":{"line":31,"column":2},"end":{"line":31,"column":8}},"loc":{"start":{"line":31,"column":26},"end":{"line":33,"column":3}}},"2":{"name":"(anonymous_2)","decl":{"start":{"line":35,"column":2},"end":{"line":35,"column":13}},"loc":{"start":{"line":35,"column":34},"end":{"line":37,"column":3}}},"3":{"name":"(anonymous_3)","decl":{"start":{"line":39,"column":2},"end":{"line":39,"column":6}},"loc":{"start":{"line":39,"column":36},"end":{"line":53,"column":3}}},"4":{"name":"(anonymous_4)","decl":{"start":{"line":55,"column":2},"end":{"line":55,"column":14}},"loc":{"start":{"line":55,"column":25},"end":{"line":120,"column":3}}},"5":{"name":"clamp","decl":{"start":{"line":56,"column":13},"end":{"line":56,"column":18}},"loc":{"start":{"line":56,"column":56},"end":{"line":60,"column":5}}},"6":{"name":"circleVsRect","decl":{"start":{"line":83,"column":13},"end":{"line":83,"column":25}},"loc":{"start":{"line":90,"column":16},"end":{"line":97,"column":5}}}},"branchMap":{"0":{"loc":{"start":{"line":48,"column":4},"end":{"line":50,"column":5}},"type":"if","locations":[{"start":{"line":48,"column":4},"end":{"line":50,"column":5}}]},"1":{"loc":{"start":{"line":57,"column":6},"end":{"line":57,"column":32}},"type":"if","locations":[{"start":{"line":57,"column":6},"end":{"line":57,"column":32}}]},"2":{"loc":{"start":{"line":58,"column":6},"end":{"line":58,"column":32}},"type":"if","locations":[{"start":{"line":58,"column":6},"end":{"line":58,"column":32}}]},"3":{"loc":{"start":{"line":66,"column":4},"end":{"line":68,"column":5}},"type":"if","locations":[{"start":{"line":66,"column":4},"end":{"line":68,"column":5}}]},"4":{"loc":{"start":{"line":66,"column":8},"end":{"line":66,"column":50}},"type":"binary-expr","locations":[{"start":{"line":66,"column":8},"end":{"line":66,"column":27}},{"start":{"line":66,"column":31},"end":{"line":66,"column":50}}]},"5":{"loc":{"start":{"line":99,"column":4},"end":{"line":103,"column":5}},"type":"if","locations":[{"start":{"line":99,"column":4},"end":{"line":103,"column":5}}]},"6":{"loc":{"start":{"line":105,"column":4},"end":{"line":117,"column":5}},"type":"if","locations":[{"start":{"line":105,"column":4},"end":{"line":117,"column":5}}]}},"s":{"0":9,"1":9,"2":9,"3":9,"4":9,"5":9,"6":9,"7":9,"8":9,"9":9,"10":9,"11":9,"12":9,"13":9,"14":5,"15":5,"16":0,"17":0,"18":0,"19":0,"20":0,"21":0,"22":0,"23":10,"24":1,"25":9,"26":2,"27":7,"28":4,"29":4,"30":4,"31":4,"32":4,"33":1,"34":3,"35":3,"36":3,"37":3,"38":3,"39":3,"40":5,"41":5,"42":5,"43":5,"44":5,"45":3,"46":1,"47":2,"48":1,"49":1,"50":2},"f":{"0":9,"1":5,"2":5,"3":0,"4":4,"5":10,"6":5},"b":{"0":[0],"1":[1],"2":[2],"3":[1],"4":[4,3],"5":[1],"6":[1]}}
,"/home/archi/MDSchool/Qualité et tests/wall-dodge/src/entities/SinuousObstacle.ts": {"path":"/home/archi/MDSchool/Qualité et tests/wall-dodge/src/entities/SinuousObstacle.ts","statementMap":{"0":{"start":{"line":6,"column":2},"end":{"line":6,"column":null}},"1":{"start":{"line":7,"column":2},"end":{"line":7,"column":null}},"2":{"start":{"line":8,"column":2},"end":{"line":8,"column":null}},"3":{"start":{"line":9,"column":2},"end":{"line":9,"column":null}},"4":{"start":{"line":10,"column":2},"end":{"line":10,"column":null}},"5":{"start":{"line":11,"column":2},"end":{"line":11,"column":null}},"6":{"start":{"line":12,"column":2},"end":{"line":12,"column":null}},"7":{"start":{"line":13,"column":2},"end":{"line":13,"column":null}},"8":{"start":{"line":14,"column":10},"end":{"line":14,"column":null}},"9":{"start":{"line":26,"column":4},"end":{"line":26,"column":22}},"10":{"start":{"line":27,"column":4},"end":{"line":27,"column":25}},"11":{"start":{"line":28,"column":4},"end":{"line":28,"column":31}},"12":{"start":{"line":29,"column":4},"end":{"line":29,"column":37}},"13":{"start":{"line":30,"column":4},"end":{"line":30,"column":33}},"14":{"start":{"line":31,"column":4},"end":{"line":31,"column":23}},"15":{"start":{"line":32,"column":4},"end":{"line":32,"column":23}},"16":{"start":{"line":33,"column":4},"end":{"line":33,"column":35}},"17":{"start":{"line":36,"column":4},"end":{"line":36,"column":23}},"18":{"start":{"line":37,"column":17},"end":{"line":37,"column":32}},"19":{"start":{"line":38,"column":4},"end":{"line":41,"column":5}},"20":{"start":{"line":38,"column":17},"end":{"line":38,"column":18}},"21":{"start":{"line":39,"column":21},"end":{"line":39,"column":62}},"22":{"start":{"line":40,"column":6},"end":{"line":40,"column":40}},"23":{"start":{"line":45,"column":4},"end":{"line":45,"column":37}},"24":{"start":{"line":49,"column":4},"end":{"line":49,"column":47}},"25":{"start":{"line":53,"column":4},"end":{"line":53,"column":15}},"26":{"start":{"line":54,"column":4},"end":{"line":54,"column":31}},"27":{"start":{"line":56,"column":15},"end":{"line":56,"column":52}},"28":{"start":{"line":62,"column":51},"end":{"line":62,"column":53}},"29":{"start":{"line":63,"column":4},"end":{"line":67,"column":5}},"30":{"start":{"line":63,"column":17},"end":{"line":63,"column":18}},"31":{"start":{"line":64,"column":17},"end":{"line":64,"column":32}},"32":{"start":{"line":65,"column":17},"end":{"line":65,"column":33}},"33":{"start":{"line":66,"column":6},"end":{"line":66,"column":61}},"34":{"start":{"line":70,"column":4},"end":{"line":70,"column":20}},"35":{"start":{"line":71,"column":4},"end":{"line":71,"column":26}},"36":{"start":{"line":73,"column":4},"end":{"line":97,"column":5}},"37":{"start":{"line":75,"column":6},"end":{"line":75,"column":51}},"38":{"start":{"line":78,"column":6},"end":{"line":78,"column":51}},"39":{"start":{"line":81,"column":6},"end":{"line":92,"column":7}},"40":{"start":{"line":81,"column":19},"end":{"line":81,"column":20}},"41":{"start":{"line":83,"column":21},"end":{"line":83,"column":38}},"42":{"start":{"line":85,"column":21},"end":{"line":85,"column":34}},"43":{"start":{"line":87,"column":19},"end":{"line":87,"column":40}},"44":{"start":{"line":88,"column":19},"end":{"line":88,"column":40}},"45":{"start":{"line":91,"column":8},"end":{"line":91,"column":53}},"46":{"start":{"line":94,"column":25},"end":{"line":94,"column":58}},"47":{"start":{"line":95,"column":21},"end":{"line":95,"column":54}},"48":{"start":{"line":96,"column":6},"end":{"line":96,"column":75}},"49":{"start":{"line":100,"column":4},"end":{"line":100,"column":40}},"50":{"start":{"line":101,"column":4},"end":{"line":101,"column":20}},"51":{"start":{"line":102,"column":4},"end":{"line":102,"column":15}},"52":{"start":{"line":108,"column":52},"end":{"line":108,"column":54}},"53":{"start":{"line":109,"column":4},"end":{"line":113,"column":5}},"54":{"start":{"line":109,"column":17},"end":{"line":109,"column":18}},"55":{"start":{"line":110,"column":17},"end":{"line":110,"column":32}},"56":{"start":{"line":111,"column":17},"end":{"line":111,"column":33}},"57":{"start":{"line":112,"column":6},"end":{"line":112,"column":62}},"58":{"start":{"line":115,"column":4},"end":{"line":115,"column":20}},"59":{"start":{"line":116,"column":4},"end":{"line":116,"column":41}},"60":{"start":{"line":118,"column":4},"end":{"line":132,"column":5}},"61":{"start":{"line":119,"column":6},"end":{"line":119,"column":53}},"62":{"start":{"line":121,"column":6},"end":{"line":121,"column":53}},"63":{"start":{"line":122,"column":6},"end":{"line":128,"column":7}},"64":{"start":{"line":122,"column":19},"end":{"line":122,"column":20}},"65":{"start":{"line":123,"column":21},"end":{"line":123,"column":39}},"66":{"start":{"line":124,"column":21},"end":{"line":124,"column":35}},"67":{"start":{"line":125,"column":19},"end":{"line":125,"column":40}},"68":{"start":{"line":126,"column":19},"end":{"line":126,"column":40}},"69":{"start":{"line":127,"column":8},"end":{"line":127,"column":53}},"70":{"start":{"line":129,"column":25},"end":{"line":129,"column":60}},"71":{"start":{"line":130,"column":21},"end":{"line":130,"column":56}},"72":{"start":{"line":131,"column":6},"end":{"line":131,"column":75}},"73":{"start":{"line":134,"column":4},"end":{"line":134,"column":55}},"74":{"start":{"line":135,"column":4},"end":{"line":135,"column":20}},"75":{"start":{"line":136,"column":4},"end":{"line":136,"column":15}},"76":{"start":{"line":138,"column":4},"end":{"line":138,"column":18}},"77":{"start":{"line":144,"column":20},"end":{"line":144,"column":40}},"78":{"start":{"line":145,"column":23},"end":{"line":145,"column":43}},"79":{"start":{"line":146,"column":19},"end":{"line":146,"column":25}},"80":{"start":{"line":147,"column":22},"end":{"line":147,"column":42}},"81":{"start":{"line":148,"column":4},"end":{"line":150,"column":5}},"82":{"start":{"line":149,"column":6},"end":{"line":149,"column":19}},"83":{"start":{"line":152,"column":22},"end":{"line":152,"column":37}},"84":{"start":{"line":153,"column":20},"end":{"line":153,"column":43}},"85":{"start":{"line":154,"column":26},"end":{"line":154,"column":47}},"86":{"start":{"line":155,"column":14},"end":{"line":155,"column":49}},"87":{"start":{"line":156,"column":4},"end":{"line":156,"column":25}},"88":{"start":{"line":156,"column":17},"end":{"line":156,"column":25}},"89":{"start":{"line":157,"column":4},"end":{"line":157,"column":54}},"90":{"start":{"line":157,"column":30},"end":{"line":157,"column":54}},"91":{"start":{"line":159,"column":21},"end":{"line":159,"column":50}},"92":{"start":{"line":160,"column":15},"end":{"line":160,"column":33}},"93":{"start":{"line":161,"column":15},"end":{"line":161,"column":37}},"94":{"start":{"line":162,"column":26},"end":{"line":162,"column":51}},"95":{"start":{"line":164,"column":18},"end":{"line":164,"column":52}},"96":{"start":{"line":165,"column":19},"end":{"line":165,"column":53}},"97":{"start":{"line":167,"column":4},"end":{"line":169,"column":5}},"98":{"start":{"line":168,"column":6},"end":{"line":168,"column":18}},"99":{"start":{"line":170,"column":4},"end":{"line":170,"column":17}},"100":{"start":{"line":5,"column":0},"end":{"line":5,"column":13}}},"fnMap":{"0":{"name":"(anonymous_0)","decl":{"start":{"line":16,"column":2},"end":{"line":16,"column":null}},"loc":{"start":{"line":24,"column":23},"end":{"line":42,"column":3}}},"1":{"name":"(anonymous_1)","decl":{"start":{"line":44,"column":2},"end":{"line":44,"column":8}},"loc":{"start":{"line":44,"column":26},"end":{"line":46,"column":3}}},"2":{"name":"(anonymous_2)","decl":{"start":{"line":48,"column":2},"end":{"line":48,"column":13}},"loc":{"start":{"line":48,"column":34},"end":{"line":50,"column":3}}},"3":{"name":"(anonymous_3)","decl":{"start":{"line":52,"column":2},"end":{"line":52,"column":6}},"loc":{"start":{"line":52,"column":36},"end":{"line":139,"column":3}}},"4":{"name":"(anonymous_4)","decl":{"start":{"line":141,"column":2},"end":{"line":141,"column":14}},"loc":{"start":{"line":141,"column":25},"end":{"line":171,"column":3}}}},"branchMap":{"0":{"loc":{"start":{"line":73,"column":4},"end":{"line":97,"column":5}},"type":"if","locations":[{"start":{"line":73,"column":4},"end":{"line":97,"column":5}},{"start":{"line":76,"column":11},"end":{"line":97,"column":5}}]},"1":{"loc":{"start":{"line":118,"column":4},"end":{"line":132,"column":5}},"type":"if","locations":[{"start":{"line":118,"column":4},"end":{"line":132,"column":5}},{"start":{"line":120,"column":11},"end":{"line":132,"column":5}}]},"2":{"loc":{"start":{"line":148,"column":4},"end":{"line":150,"column":5}},"type":"if","locations":[{"start":{"line":148,"column":4},"end":{"line":150,"column":5}}]},"3":{"loc":{"start":{"line":148,"column":8},"end":{"line":148,"column":50}},"type":"binary-expr","locations":[{"start":{"line":148,"column":8},"end":{"line":148,"column":27}},{"start":{"line":148,"column":31},"end":{"line":148,"column":50}}]},"4":{"loc":{"start":{"line":156,"column":4},"end":{"line":156,"column":25}},"type":"if","locations":[{"start":{"line":156,"column":4},"end":{"line":156,"column":25}}]},"5":{"loc":{"start":{"line":157,"column":4},"end":{"line":157,"column":54}},"type":"if","locations":[{"start":{"line":157,"column":4},"end":{"line":157,"column":54}}]},"6":{"loc":{"start":{"line":167,"column":4},"end":{"line":169,"column":5}},"type":"if","locations":[{"start":{"line":167,"column":4},"end":{"line":169,"column":5}}]},"7":{"loc":{"start":{"line":167,"column":8},"end":{"line":167,"column":69}},"type":"binary-expr","locations":[{"start":{"line":167,"column":8},"end":{"line":167,"column":36}},{"start":{"line":167,"column":40},"end":{"line":167,"column":69}}]}},"s":{"0":4,"1":4,"2":4,"3":4,"4":4,"5":4,"6":4,"7":4,"8":4,"9":4,"10":4,"11":4,"12":4,"13":4,"14":4,"15":4,"16":4,"17":4,"18":4,"19":4,"20":4,"21":9,"22":9,"23":1,"24":1,"25":0,"26":0,"27":0,"28":0,"29":0,"30":0,"31":0,"32":0,"33":0,"34":0,"35":0,"36":0,"37":0,"38":0,"39":0,"40":0,"41":0,"42":0,"43":0,"44":0,"45":0,"46":0,"47":0,"48":0,"49":0,"50":0,"51":0,"52":0,"53":0,"54":0,"55":0,"56":0,"57":0,"58":0,"59":0,"60":0,"61":0,"62":0,"63":0,"64":0,"65":0,"66":0,"67":0,"68":0,"69":0,"70":0,"71":0,"72":0,"73":0,"74":0,"75":0,"76":0,"77":5,"78":5,"79":5,"80":5,"81":5,"82":2,"83":3,"84":3,"85":3,"86":3,"87":3,"88":0,"89":3,"90":0,"91":3,"92":3,"93":3,"94":3,"95":3,"96":3,"97":3,"98":2,"99":1,"100":2},"f":{"0":4,"1":1,"2":1,"3":0,"4":5},"b":{"0":[0,0],"1":[0,0],"2":[2],"3":[5,4],"4":[0],"5":[0],"6":[2],"7":[3,2]}}
,"/home/archi/MDSchool/Qualité et tests/wall-dodge/src/managers/ObstacleManager.ts": {"path":"/home/archi/MDSchool/Qualité et tests/wall-dodge/src/managers/ObstacleManager.ts","statementMap":{"0":{"start":{"line":2,"column":0},"end":{"line":2,"column":56}},"1":{"start":{"line":3,"column":0},"end":{"line":3,"column":62}},"2":{"start":{"line":6,"column":2},"end":{"line":6,"column":null}},"3":{"start":{"line":7,"column":2},"end":{"line":7,"column":null}},"4":{"start":{"line":8,"column":2},"end":{"line":8,"column":null}},"5":{"start":{"line":9,"column":2},"end":{"line":9,"column":null}},"6":{"start":{"line":10,"column":2},"end":{"line":10,"column":null}},"7":{"start":{"line":11,"column":2},"end":{"line":11,"column":null}},"8":{"start":{"line":12,"column":2},"end":{"line":12,"column":null}},"9":{"start":{"line":15,"column":4},"end":{"line":15,"column":35}},"10":{"start":{"line":16,"column":4},"end":{"line":16,"column":37}},"11":{"start":{"line":20,"column":4},"end":{"line":20,"column":33}},"12":{"start":{"line":21,"column":4},"end":{"line":58,"column":5}},"13":{"start":{"line":22,"column":6},"end":{"line":22,"column":26}},"14":{"start":{"line":25,"column":6},"end":{"line":57,"column":7}},"15":{"start":{"line":27,"column":23},"end":{"line":27,"column":25}},"16":{"start":{"line":28,"column":26},"end":{"line":28,"column":29}},"17":{"start":{"line":29,"column":22},"end":{"line":29,"column":68}},"18":{"start":{"line":30,"column":20},"end":{"line":37,"column":null}},"19":{"start":{"line":39,"column":8},"end":{"line":39,"column":33}},"20":{"start":{"line":42,"column":23},"end":{"line":42,"column":26}},"21":{"start":{"line":43,"column":26},"end":{"line":43,"column":29}},"22":{"start":{"line":44,"column":29},"end":{"line":44,"column":30}},"23":{"start":{"line":45,"column":27},"end":{"line":45,"column":30}},"24":{"start":{"line":46,"column":27},"end":{"line":54,"column":null}},"25":{"start":{"line":56,"column":8},"end":{"line":56,"column":40}},"26":{"start":{"line":61,"column":4},"end":{"line":61,"column":55}},"27":{"start":{"line":61,"column":34},"end":{"line":61,"column":53}},"28":{"start":{"line":62,"column":4},"end":{"line":64,"column":6}},"29":{"start":{"line":63,"column":13},"end":{"line":63,"column":46}},"30":{"start":{"line":68,"column":4},"end":{"line":68,"column":47}},"31":{"start":{"line":68,"column":34},"end":{"line":68,"column":45}},"32":{"start":{"line":5,"column":0},"end":{"line":5,"column":13}}},"fnMap":{"0":{"name":"(anonymous_0)","decl":{"start":{"line":14,"column":2},"end":{"line":14,"column":14}},"loc":{"start":{"line":14,"column":55},"end":{"line":17,"column":3}}},"1":{"name":"(anonymous_1)","decl":{"start":{"line":19,"column":2},"end":{"line":19,"column":8}},"loc":{"start":{"line":19,"column":26},"end":{"line":65,"column":3}}},"2":{"name":"(anonymous_2)","decl":{"start":{"line":61,"column":27},"end":{"line":61,"column":28}},"loc":{"start":{"line":61,"column":34},"end":{"line":61,"column":53}}},"3":{"name":"(anonymous_3)","decl":{"start":{"line":63,"column":6},"end":{"line":63,"column":7}},"loc":{"start":{"line":63,"column":13},"end":{"line":63,"column":46}}},"4":{"name":"(anonymous_4)","decl":{"start":{"line":67,"column":2},"end":{"line":67,"column":6}},"loc":{"start":{"line":67,"column":36},"end":{"line":69,"column":3}}},"5":{"name":"(anonymous_5)","decl":{"start":{"line":68,"column":27},"end":{"line":68,"column":28}},"loc":{"start":{"line":68,"column":34},"end":{"line":68,"column":45}}}},"branchMap":{"0":{"loc":{"start":{"line":21,"column":4},"end":{"line":58,"column":5}},"type":"if","locations":[{"start":{"line":21,"column":4},"end":{"line":58,"column":5}}]},"1":{"loc":{"start":{"line":25,"column":6},"end":{"line":57,"column":7}},"type":"if","locations":[{"start":{"line":25,"column":6},"end":{"line":57,"column":7}},{"start":{"line":40,"column":13},"end":{"line":57,"column":7}}]}},"s":{"0":1,"1":1,"2":5,"3":5,"4":5,"5":5,"6":5,"7":5,"8":5,"9":5,"10":5,"11":5,"12":5,"13":4,"14":4,"15":3,"16":3,"17":3,"18":3,"19":3,"20":1,"21":1,"22":1,"23":1,"24":1,"25":1,"26":5,"27":6,"28":5,"29":6,"30":0,"31":0,"32":1},"f":{"0":5,"1":5,"2":6,"3":6,"4":0,"5":0},"b":{"0":[4],"1":[3,1]}}
}
