TN:
SF:src/core/Input.ts
FN:4,(anonymous_0)
FN:5,(anonymous_1)
FN:8,(anonymous_2)
FNF:3
FNH:3
FNDA:2,(anonymous_0)
FNDA:2,(anonymous_1)
FNDA:2,(anonymous_2)
DA:1,1
DA:2,2
DA:5,2
DA:6,2
DA:8,2
DA:9,2
LF:6
LH:6
BRF:0
BRH:0
end_of_record
TN:
SF:src/entities/Ball.ts
FN:10,(anonymous_0)
FN:31,(anonymous_1)
FN:61,(anonymous_2)
FN:89,(anonymous_3)
FNF:4
FNH:3
FNDA:18,(anonymous_0)
FNDA:6,(anonymous_1)
FNDA:6,(anonymous_2)
FNDA:0,(anonymous_3)
DA:1,3
DA:2,18
DA:3,18
DA:4,18
DA:5,18
DA:6,18
DA:7,18
DA:8,18
DA:17,18
DA:18,18
DA:19,18
DA:20,18
DA:21,18
DA:22,18
DA:23,18
DA:32,6
DA:33,6
DA:35,6
DA:36,1
DA:37,5
DA:38,3
DA:41,6
DA:42,2
DA:43,4
DA:44,1
DA:48,6
DA:49,1
DA:50,1
DA:51,1
DA:67,6
DA:70,6
DA:71,6
DA:74,6
DA:75,1
DA:76,5
DA:77,1
DA:79,6
DA:80,1
DA:81,5
DA:82,1
DA:90,0
DA:91,0
DA:92,0
DA:93,0
DA:94,0
DA:95,0
LF:46
LH:40
BRDA:35,0,0,1
BRDA:35,0,1,5
BRDA:35,1,0,6
BRDA:35,1,1,5
BRDA:35,1,2,5
BRDA:37,2,0,3
BRDA:37,3,0,5
BRDA:37,3,1,2
BRDA:37,3,2,2
BRDA:41,4,0,2
BRDA:41,4,1,4
BRDA:41,5,0,6
BRDA:41,5,1,4
BRDA:41,5,2,4
BRDA:43,6,0,1
BRDA:43,7,0,4
BRDA:43,7,1,3
BRDA:43,7,2,3
BRDA:48,8,0,1
BRDA:48,9,0,6
BRDA:48,9,1,4
BRDA:74,10,0,1
BRDA:74,10,1,5
BRDA:76,11,0,1
BRDA:79,12,0,1
BRDA:79,12,1,5
BRDA:81,13,0,1
BRF:27
BRH:27
end_of_record
TN:
SF:src/entities/RectObstacle.ts
FN:13,(anonymous_0)
FN:31,(anonymous_1)
FN:35,(anonymous_2)
FN:39,(anonymous_3)
FN:55,(anonymous_4)
FN:56,clamp
FN:83,circleVsRect
FNF:7
FNH:6
FNDA:9,(anonymous_0)
FNDA:5,(anonymous_1)
FNDA:5,(anonymous_2)
FNDA:0,(anonymous_3)
FNDA:4,(anonymous_4)
FNDA:10,clamp
FNDA:5,circleVsRect
DA:4,2
DA:5,9
DA:6,9
DA:7,9
DA:8,9
DA:9,9
DA:10,9
DA:11,9
DA:22,9
DA:23,9
DA:24,9
DA:25,9
DA:26,9
DA:27,9
DA:28,9
DA:32,5
DA:36,5
DA:40,0
DA:41,0
DA:44,0
DA:47,0
DA:48,0
DA:49,0
DA:52,0
DA:57,10
DA:58,9
DA:59,7
DA:62,4
DA:63,4
DA:64,4
DA:65,4
DA:66,4
DA:67,1
DA:70,3
DA:71,3
DA:72,3
DA:79,3
DA:80,3
DA:81,3
DA:92,5
DA:93,5
DA:94,5
DA:95,5
DA:96,5
DA:99,3
DA:102,1
DA:105,2
DA:116,1
DA:119,1
LF:49
LH:42
BRDA:48,0,0,0
BRDA:57,1,0,1
BRDA:58,2,0,2
BRDA:66,3,0,1
BRDA:66,4,0,4
BRDA:66,4,1,3
BRDA:99,5,0,1
BRDA:105,6,0,1
BRF:8
BRH:7
end_of_record
TN:
SF:src/entities/SinuousObstacle.ts
FN:16,(anonymous_0)
FN:44,(anonymous_1)
FN:48,(anonymous_2)
FN:52,(anonymous_3)
FN:141,(anonymous_4)
FNF:5
FNH:4
FNDA:4,(anonymous_0)
FNDA:1,(anonymous_1)
FNDA:1,(anonymous_2)
FNDA:0,(anonymous_3)
FNDA:5,(anonymous_4)
DA:5,2
DA:6,4
DA:7,4
DA:8,4
DA:9,4
DA:10,4
DA:11,4
DA:12,4
DA:13,4
DA:14,4
DA:26,4
DA:27,4
DA:28,4
DA:29,4
DA:30,4
DA:31,4
DA:32,4
DA:33,4
DA:36,4
DA:37,4
DA:38,4
DA:39,9
DA:40,9
DA:45,1
DA:49,1
DA:53,0
DA:54,0
DA:56,0
DA:62,0
DA:63,0
DA:64,0
DA:65,0
DA:66,0
DA:70,0
DA:71,0
DA:73,0
DA:75,0
DA:78,0
DA:81,0
DA:83,0
DA:85,0
DA:87,0
DA:88,0
DA:91,0
DA:94,0
DA:95,0
DA:96,0
DA:100,0
DA:101,0
DA:102,0
DA:108,0
DA:109,0
DA:110,0
DA:111,0
DA:112,0
DA:115,0
DA:116,0
DA:118,0
DA:119,0
DA:121,0
DA:122,0
DA:123,0
DA:124,0
DA:125,0
DA:126,0
DA:127,0
DA:129,0
DA:130,0
DA:131,0
DA:134,0
DA:135,0
DA:136,0
DA:138,0
DA:144,5
DA:145,5
DA:146,5
DA:147,5
DA:148,5
DA:149,2
DA:152,3
DA:153,3
DA:154,3
DA:155,3
DA:156,3
DA:157,3
DA:159,3
DA:160,3
DA:161,3
DA:162,3
DA:164,3
DA:165,3
DA:167,3
DA:168,2
DA:170,1
LF:94
LH:46
BRDA:73,0,0,0
BRDA:73,0,1,0
BRDA:118,1,0,0
BRDA:118,1,1,0
BRDA:148,2,0,2
BRDA:148,3,0,5
BRDA:148,3,1,4
BRDA:156,4,0,0
BRDA:157,5,0,0
BRDA:167,6,0,2
BRDA:167,7,0,3
BRDA:167,7,1,2
BRF:12
BRH:6
end_of_record
TN:
SF:src/managers/ObstacleManager.ts
FN:14,(anonymous_0)
FN:19,(anonymous_1)
FN:61,(anonymous_2)
FN:63,(anonymous_3)
FN:67,(anonymous_4)
FN:68,(anonymous_5)
FNF:6
FNH:4
FNDA:5,(anonymous_0)
FNDA:5,(anonymous_1)
FNDA:6,(anonymous_2)
FNDA:6,(anonymous_3)
FNDA:0,(anonymous_4)
FNDA:0,(anonymous_5)
DA:2,1
DA:3,1
DA:5,1
DA:6,5
DA:7,5
DA:8,5
DA:9,5
DA:10,5
DA:11,5
DA:12,5
DA:15,5
DA:16,5
DA:20,5
DA:21,5
DA:22,4
DA:25,4
DA:27,3
DA:28,3
DA:29,3
DA:30,3
DA:39,3
DA:42,1
DA:43,1
DA:44,1
DA:45,1
DA:46,1
DA:56,1
DA:61,6
DA:62,5
DA:63,6
DA:68,0
LF:31
LH:30
BRDA:21,0,0,4
BRDA:25,1,0,3
BRDA:25,1,1,1
BRF:3
BRH:3
end_of_record
